<?xml version="1.0" encoding="UTF-8"?>
<testng-results ignored="0" total="4" passed="4" failed="0" skipped="0">
  <reporter-output>
  </reporter-output>
  <suite started-at="2024-10-08T10:47:44 IST" name="Suite" finished-at="2024-10-08T10:47:44 IST" duration-ms="56">
    <groups>
    </groups>
    <test started-at="2024-10-08T10:47:44 IST" name="Test" finished-at="2024-10-08T10:47:44 IST" duration-ms="56">
      <class name="pac1.ContactTest">
        <test-method signature="createContactTest()[pri:0, instance:pac1.ContactTest@55b7a4e0]" started-at="2024-10-08T10:47:44 IST" name="createContactTest" finished-at="2024-10-08T10:47:44 IST" duration-ms="6" status="PASS">
          <reporter-output>
          </reporter-output>
        </test-method> <!-- createContactTest -->
        <test-method signature="modifyContactTest()[pri:0, instance:pac1.ContactTest@55b7a4e0]" started-at="2024-10-08T10:47:44 IST" name="modifyContactTest" finished-at="2024-10-08T10:47:44 IST" duration-ms="1" status="PASS">
          <reporter-output>
          </reporter-output>
        </test-method> <!-- modifyContactTest -->
      </class> <!-- pac1.ContactTest -->
      <class name="pac2.createOrgTest">
        <test-method signature="createOrgTest1()[pri:0, instance:pac2.createOrgTest@498d318c]" started-at="2024-10-08T10:47:44 IST" name="createOrgTest1" finished-at="2024-10-08T10:47:44 IST" duration-ms="0" status="PASS">
          <reporter-output>
          </reporter-output>
        </test-method> <!-- createOrgTest1 -->
        <test-method signature="modifyOrgTest()[pri:0, instance:pac2.createOrgTest@498d318c]" started-at="2024-10-08T10:47:44 IST" name="modifyOrgTest" finished-at="2024-10-08T10:47:44 IST" duration-ms="1" status="PASS">
          <reporter-output>
          </reporter-output>
        </test-method> <!-- modifyOrgTest -->
      </class> <!-- pac2.createOrgTest -->
    </test> <!-- Test -->
  </suite> <!-- Suite -->
</testng-results>
