<?xml version="1.0" encoding="UTF-8"?>
<!-- Generated by org.testng.reporters.JUnitXMLReporter -->
<testsuite ignored="0" hostname="LAPTOP-O2HJQ38M" failures="0" tests="4" name="Test" time="0.056" errors="0" timestamp="2024-10-08T10:47:44 IST">
  <testcase classname="pac1.ContactTest" name="createContactTest" time="0.006"/>
  <testcase classname="pac1.ContactTest" name="modifyContactTest" time="0.001"/>
  <testcase classname="pac2.createOrgTest" name="createOrgTest1" time="0.0"/>
  <testcase classname="pac2.createOrgTest" name="modifyOrgTest" time="0.001"/>
</testsuite> <!-- Test -->
